<?xml version="1.0" encoding="UTF-8"?>
<!-- Generated by org.testng.reporters.JUnitReportReporter -->
<testsuite hostname="LAPTOP-AG8IO77N" name="SampleMaven.MavenTest.SampleTest" tests="1" failures="0" timestamp="4 Feb 2017 00:54:10 GMT" time="0.001" errors="0">
  <testcase name="testRun" time="0.001" classname="SampleMaven.MavenTest.SampleTest"/>
</testsuite> <!-- SampleMaven.MavenTest.SampleTest -->
