<?xml version="1.0" encoding="UTF-8" ?>
<testsuite tests="2" failures="0" name="TestSuite" time="0.273" errors="0" skipped="0">
  <properties>
    <property name="java.vendor" value="Oracle Corporation"/>
    <property name="JOB_NAME" value="MavenSCM"/>
    <property name="sun.java.launcher" value="SUN_STANDARD"/>
    <property name="NUMBER_OF_PROCESSORS" value="4"/>
    <property name="sun.management.compiler" value="HotSpot 64-Bit Tiered Compilers"/>
    <property name="JENKINS_HOME" value="C:\Users\Kumar\.jenkins"/>
    <property name="FPS_BROWSER_USER_PROFILE_STRING" value="Default"/>
    <property name="HUDSON_SERVER_COOKIE" value="2305954da1781ce9"/>
    <property name="POM_ARTIFACTID" value="MavenTest"/>
    <property name="os.name" value="Windows 10"/>
    <property name="sun.boot.class.path" value="C:\Program Files\Java\jdk1.8.0_111\jre\lib\resources.jar;C:\Program Files\Java\jdk1.8.0_111\jre\lib\rt.jar;C:\Program Files\Java\jdk1.8.0_111\jre\lib\sunrsasign.jar;C:\Program Files\Java\jdk1.8.0_111\jre\lib\jsse.jar;C:\Program Files\Java\jdk1.8.0_111\jre\lib\jce.jar;C:\Program Files\Java\jdk1.8.0_111\jre\lib\charsets.jar;C:\Program Files\Java\jdk1.8.0_111\jre\lib\jfr.jar;C:\Program Files\Java\jdk1.8.0_111\jre\classes"/>
    <property name="EXECUTOR_NUMBER" value="0"/>
    <property name="sun.desktop" value="windows"/>
    <property name="PATHEXT" value=".COM;.EXE;.BAT;.CMD;.VBS;.VBE;.JS;.JSE;.WSF;.WSH;.MSC"/>
    <property name="java.vm.specification.vendor" value="Oracle Corporation"/>
    <property name="POM_DISPLAYNAME" value="MavenTest"/>
    <property name="NODE_LABELS" value="master"/>
    <property name="TEMP" value="C:\Users\Kumar\AppData\Local\Temp"/>
    <property name="java.runtime.version" value="1.8.0_111-b14"/>
    <property name="ROOT_BUILD_CAUSE" value="TIMERTRIGGER"/>
    <property name="FPS_BROWSER_APP_PROFILE_STRING" value="Internet Explorer"/>
    <property name="user.name" value="Kumar"/>
    <property name="guice.disable.misplaced.annotation.check" value="true"/>
    <property name="CommonProgramW6432" value="C:\Program Files\Common Files"/>
    <property name="ProgramFiles" value="C:\Program Files"/>
    <property name="PROMPT" value="$P$G"/>
    <property name="user.language" value="en"/>
    <property name="JOB_BASE_NAME" value="MavenSCM"/>
    <property name="BUILD_DISPLAY_NAME" value="#3"/>
    <property name="OneDrive" value="C:\Users\Kumar\OneDrive"/>
    <property name="sun.boot.library.path" value="C:\Program Files\Java\jdk1.8.0_111\jre\bin"/>
    <property name="LOCALAPPDATA" value="C:\Users\Kumar\AppData\Local"/>
    <property name="java.version" value="1.8.0_111"/>
    <property name="PROCESSOR_LEVEL" value="6"/>
    <property name="user.timezone" value="America/Chicago"/>
    <property name="USERNAME" value="Kumar"/>
    <property name="sun.arch.data.model" value="64"/>
    <property name="NODE_NAME" value="master"/>
    <property name="java.endorsed.dirs" value="C:\Program Files\Java\jdk1.8.0_111\jre\lib\endorsed"/>
    <property name="UOIPME_REG_PATH" value="C:\Program Files\Intel Corporation\USB over IP"/>
    <property name="BUILD_ID" value="3"/>
    <property name="sun.cpu.isalist" value="amd64"/>
    <property name="sun.jnu.encoding" value="Cp1252"/>
    <property name="file.encoding.pkg" value="sun.io"/>
    <property name="file.separator" value="\"/>
    <property name="ROOT_BUILD_CAUSE_TIMERTRIGGER" value="true"/>
    <property name="java.specification.name" value="Java Platform API Specification"/>
    <property name="HOMEDRIVE" value="C:"/>
    <property name="java.class.version" value="52.0"/>
    <property name="=::" value="::\"/>
    <property name="org.slf4j.simpleLogger.defaultLogLevel" value="info"/>
    <property name="user.country" value="US"/>
    <property name="ALLUSERSPROFILE" value="C:\ProgramData"/>
    <property name="java.home" value="C:\Program Files\Java\jdk1.8.0_111\jre"/>
    <property name="java.vm.info" value="mixed mode"/>
    <property name="os.version" value="10.0"/>
    <property name="=ExitCode" value="00000000"/>
    <property name="POM_VERSION" value="0.0.1-SNAPSHOT"/>
    <property name="TMP" value="C:\Users\Kumar\AppData\Local\Temp"/>
    <property name="path.separator" value=";"/>
    <property name="java.vm.version" value="25.111-b14"/>
    <property name="user.variant" value=""/>
    <property name="CommonProgramFiles(x86)" value="C:\Program Files (x86)\Common Files"/>
    <property name="USERDOMAIN_ROAMINGPROFILE" value="LAPTOP-AG8IO77N"/>
    <property name="java.awt.printerjob" value="sun.awt.windows.WPrinterJob"/>
    <property name="JAVA_HOME" value="C:\Program Files\Java\jdk1.8.0_111"/>
    <property name="sun.io.unicode.encoding" value="UnicodeLittle"/>
    <property name="CommonProgramFiles" value="C:\Program Files\Common Files"/>
    <property name="ComSpec" value="C:\Windows\system32\cmd.exe"/>
    <property name="HOMEPATH" value="\Users\Kumar"/>
    <property name="awt.toolkit" value="sun.awt.windows.WToolkit"/>
    <property name="POM_PACKAGING" value="jar"/>
    <property name="user.script" value=""/>
    <property name="COMPUTERNAME" value="LAPTOP-AG8IO77N"/>
    <property name="POM_GROUPID" value="SampleMaven"/>
    <property name="Axis2_HOME" value="C:\Softwares\axis2-1.6.2"/>
    <property name="user.home" value="C:\Users\Kumar"/>
    <property name="PUBLIC" value="C:\Users\Public"/>
    <property name="BUILD_TAG" value="jenkins-MavenSCM-3"/>
    <property name="JENKINS_SERVER_COOKIE" value="2305954da1781ce9"/>
    <property name="HUDSON_URL" value="http://localhost:8080/"/>
    <property name="ProgramData" value="C:\ProgramData"/>
    <property name="java.specification.vendor" value="Oracle Corporation"/>
    <property name="USERPROFILE" value="C:\Users\Kumar"/>
    <property name="CLASSPATH" value=""/>
    <property name="java.vendor.url" value="http://java.oracle.com/"/>
    <property name="java.library.path" value="C:\Program Files\Java\jdk1.8.0_111\bin;C:\Windows\Sun\Java\bin;C:\Windows\system32;C:\Windows;C:\Softwares\apache-maven-3.3.9-bin\apache-maven-3.3.9\/bin;C:\Program Files\Java\jdk1.8.0_111/bin;C:\ProgramData\Oracle\Java\javapath;C:\Windows\system32;C:\Windows;C:\Windows\System32\Wbem;C:\Windows\System32\WindowsPowerShell\v1.0\;C:\Program Files\Intel\WiFi\bin\;C:\Program Files\Common Files\Intel\WirelessCommon\;C:\Program Files (x86)\Java\jre1.8.0_111\bin;C:\Softwares\apache-maven-3.3.9-bin\apache-maven-3.3.9\bin;C:\Program Files\Java\jdk1.8.0_111\bin;C:\Program Files\Git\cmd;C:\Program Files (x86)\Skype\Phone\;C:\Softwares\axis2-1.6.2\bin;C:\Program Files\MySQL\MySQL Utilities 1.6\;C:\Users\Kumar\AppData\Local\Android\sdk;C:\Users\Kumar\AppData\Local\Android\sdk\platform-tools;C:\Users\Kumar\AppData\Local\Android\sdk\tools;C:\Users\Kumar\AppData\Local\Microsoft\WindowsApps;;."/>
    <property name="java.vm.vendor" value="Oracle Corporation"/>
    <property name="APPDATA" value="C:\Users\Kumar\AppData\Roaming"/>
    <property name="java.runtime.name" value="Java(TM) SE Runtime Environment"/>
    <property name="maven.home" value="C:\Softwares\apache-maven-3.3.9-bin\apache-maven-3.3.9"/>
    <property name="java.class.path" value="C:\Users\Kumar\.jenkins\plugins\maven-plugin\WEB-INF\lib\maven33-agent-1.8.1.jar;C:\Softwares\apache-maven-3.3.9-bin\apache-maven-3.3.9\boot\plexus-classworlds-2.5.2.jar;C:\Softwares\apache-maven-3.3.9-bin\apache-maven-3.3.9/conf/logging"/>
    <property name="sun.java.command" value="jenkins.maven3.agent.Maven33Main C:\Softwares\apache-maven-3.3.9-bin\apache-maven-3.3.9\ C:\Users\Kumar\.jenkins\war\WEB-INF\lib\remoting-3.3.jar C:\Users\Kumar\.jenkins\plugins\maven-plugin\WEB-INF\lib\maven33-interceptor-1.8.1.jar C:\Users\Kumar\.jenkins\plugins\maven-plugin\WEB-INF\lib\maven3-interceptor-commons-1.8.1.jar 55259"/>
    <property name="Path" value="C:\ProgramData\Oracle\Java\javapath;C:\Windows\system32;C:\Windows;C:\Windows\System32\Wbem;C:\Windows\System32\WindowsPowerShell\v1.0\;C:\Program Files\Intel\WiFi\bin\;C:\Program Files\Common Files\Intel\WirelessCommon\;C:\Program Files (x86)\Java\jre1.8.0_111\bin;C:\Softwares\apache-maven-3.3.9-bin\apache-maven-3.3.9\bin;C:\Program Files\Java\jdk1.8.0_111\bin;C:\Program Files\Git\cmd;C:\Program Files (x86)\Skype\Phone\;C:\Softwares\axis2-1.6.2\bin;C:\Program Files\MySQL\MySQL Utilities 1.6\;C:\Users\Kumar\AppData\Local\Android\sdk;C:\Users\Kumar\AppData\Local\Android\sdk\platform-tools;C:\Users\Kumar\AppData\Local\Android\sdk\tools;C:\Users\Kumar\AppData\Local\Microsoft\WindowsApps;"/>
    <property name="BUILD_CAUSE_TIMERTRIGGER" value="true"/>
    <property name="java.vm.specification.name" value="Java Virtual Machine Specification"/>
    <property name="PROCESSOR_ARCHITECTURE" value="AMD64"/>
    <property name="PATH+JDK" value="C:\Program Files\Java\jdk1.8.0_111/bin"/>
    <property name="PROCESSOR_IDENTIFIER" value="Intel64 Family 6 Model 69 Stepping 1, GenuineIntel"/>
    <property name="SESSIONNAME" value="Console"/>
    <property name="java.vm.specification.version" value="1.8"/>
    <property name="sun.os.patch.level" value=""/>
    <property name="sun.cpu.endian" value="little"/>
    <property name="M2_HOME" value="C:\Softwares\apache-maven-3.3.9-bin\apache-maven-3.3.9\"/>
    <property name="java.io.tmpdir" value="C:\Users\Kumar\AppData\Local\Temp\"/>
    <property name="OS" value="Windows_NT"/>
    <property name="HUDSON_HOME" value="C:\Users\Kumar\.jenkins"/>
    <property name="PATH+MAVEN" value="C:\Softwares\apache-maven-3.3.9-bin\apache-maven-3.3.9\/bin"/>
    <property name="ProgramFiles(x86)" value="C:\Program Files (x86)"/>
    <property name="BUILD_URL" value="http://localhost:8080/job/MavenSCM/3/"/>
    <property name="java.vendor.url.bug" value="http://bugreport.sun.com/bugreport/"/>
    <property name="java.awt.graphicsenv" value="sun.awt.Win32GraphicsEnvironment"/>
    <property name="os.arch" value="amd64"/>
    <property name="SystemRoot" value="C:\Windows"/>
    <property name="java.ext.dirs" value="C:\Program Files\Java\jdk1.8.0_111\jre\lib\ext;C:\Windows\Sun\Java\lib\ext"/>
    <property name="user.dir" value="C:\Users\Kumar\workspace6\MavenTest"/>
    <property name="JOB_URL" value="http://localhost:8080/job/MavenSCM/"/>
    <property name="LOGONSERVER" value="\\LAPTOP-AG8IO77N"/>
    <property name="USERDOMAIN" value="LAPTOP-AG8IO77N"/>
    <property name="line.separator" value="
"/>
    <property name="MAVEN_HOME" value="C:\Softwares\apache-maven-3.3.9-bin\apache-maven-3.3.9\"/>
    <property name="java.vm.name" value="Java HotSpot(TM) 64-Bit Server VM"/>
    <property name="BUILD_NUMBER" value="3"/>
    <property name="ANDROID_HOME" value="C:\Users\Kumar\AppData\Local\Android\sdk"/>
    <property name="JENKINS_URL" value="http://localhost:8080/"/>
    <property name="PROCESSOR_REVISION" value="4501"/>
    <property name="ProgramW6432" value="C:\Program Files"/>
    <property name="windir" value="C:\Windows"/>
    <property name="=C:" value="C:\Softwares"/>
    <property name="file.encoding" value="Cp1252"/>
    <property name="SystemDrive" value="C:"/>
    <property name="maven3.interceptor" value="C:\Users\Kumar\.jenkins\plugins\maven-plugin\WEB-INF\lib\maven33-interceptor-1.8.1.jar"/>
    <property name="WORKSPACE" value="C:\Users\Kumar\.jenkins\jobs\MavenSCM\workspace"/>
    <property name="maven3.interceptor.common" value="C:\Users\Kumar\.jenkins\plugins\maven-plugin\WEB-INF\lib\maven3-interceptor-commons-1.8.1.jar"/>
    <property name="java.specification.version" value="1.8"/>
    <property name="PSModulePath" value="C:\Windows\system32\WindowsPowerShell\v1.0\Modules\;C:\Program Files\WindowsPowerShell\Modules;C:\Windows\system32\WindowsPowerShell\v1.0\Modules"/>
    <property name="BUILD_CAUSE" value="TIMERTRIGGER"/>
  </properties>
  <testcase classname="SampleMaven.MavenTest.SampleTest" name="testRun" time="0.003"/>
  <testcase classname="SampleMaven.MavenTest.AppTest" name="testApp on testApp(SampleMaven.MavenTest.AppTest)" time="0.27"/>
</testsuite>